<?xml version="1.0" encoding="UTF-8"?>
<testng-results skipped="0" failed="0" ignored="0" total="1" passed="1">
  <reporter-output>
  </reporter-output>
  <suite name="Default suite" duration-ms="37626" started-at="2020-11-08T05:05:33Z" finished-at="2020-11-08T05:06:11Z">
    <groups>
    </groups>
    <test name="Default test" duration-ms="37626" started-at="2020-11-08T05:05:33Z" finished-at="2020-11-08T05:06:11Z">
      <class name="com.myproject.qa.testcases.Inspecteddatapagetest">
        <test-method status="PASS" signature="setup()[pri:0, instance:com.myproject.qa.testcases.Inspecteddatapagetest@51e5fc98]" name="setup" is-config="true" duration-ms="26810" started-at="2020-11-08T10:35:34Z" finished-at="2020-11-08T10:36:01Z">
          <reporter-output>
          </reporter-output>
        </test-method> <!-- setup -->
        <test-method status="PASS" signature="verifyinspectpagetest(java.lang.String, java.lang.String)[pri:0, instance:com.myproject.qa.testcases.Inspecteddatapagetest@51e5fc98]" name="verifyinspectpagetest" duration-ms="10358" started-at="2020-11-08T10:36:01Z" data-provider="getBCQAMTestData" finished-at="2020-11-08T10:36:11Z">
          <params>
            <param index="0">
              <value>
                <![CDATA[Test]]>
              </value>
            </param>
            <param index="1">
              <value>
                <![CDATA[Test123]]>
              </value>
            </param>
          </params>
          <reporter-output>
          </reporter-output>
        </test-method> <!-- verifyinspectpagetest -->
        <test-method status="PASS" signature="teardown()[pri:0, instance:com.myproject.qa.testcases.Inspecteddatapagetest@51e5fc98]" name="teardown" is-config="true" duration-ms="0" started-at="2020-11-08T10:36:11Z" finished-at="2020-11-08T10:36:11Z">
          <reporter-output>
          </reporter-output>
        </test-method> <!-- teardown -->
      </class> <!-- com.myproject.qa.testcases.Inspecteddatapagetest -->
    </test> <!-- Default test -->
  </suite> <!-- Default suite -->
</testng-results>
