<?xml version="1.0" encoding="UTF-8"?>
<testng-results skipped="0" failed="0" ignored="0" total="1" passed="1">
  <reporter-output>
  </reporter-output>
  <suite name="Default suite" duration-ms="25802" started-at="2020-11-29T05:18:54Z" finished-at="2020-11-29T05:19:19Z">
    <groups>
    </groups>
    <test name="Default test" duration-ms="25802" started-at="2020-11-29T05:18:54Z" finished-at="2020-11-29T05:19:19Z">
      <class name="com.myproject.qa.testcases.Newinspectionpagetest">
        <test-method status="PASS" signature="setup()[pri:0, instance:com.myproject.qa.testcases.Newinspectionpagetest@78aab498]" name="setup" is-config="true" duration-ms="21198" started-at="2020-11-29T10:48:54Z" finished-at="2020-11-29T10:49:15Z">
          <reporter-output>
          </reporter-output>
        </test-method> <!-- setup -->
        <test-method status="PASS" signature="verifynewinspectiontest()[pri:0, instance:com.myproject.qa.testcases.Newinspectionpagetest@78aab498]" name="verifynewinspectiontest" duration-ms="4585" started-at="2020-11-29T10:49:15Z" finished-at="2020-11-29T10:49:19Z">
          <reporter-output>
          </reporter-output>
        </test-method> <!-- verifynewinspectiontest -->
      </class> <!-- com.myproject.qa.testcases.Newinspectionpagetest -->
    </test> <!-- Default test -->
  </suite> <!-- Default suite -->
</testng-results>
