<?xml version="1.0" encoding="UTF-8"?>
<!-- Generated by org.testng.reporters.JUnitXMLReporter -->
<testsuite hostname="LAPTOP-V8C83NA5" ignored="0" name="Default test" tests="3" failures="0" timestamp="16 Dec 2020 15:46:14 GMT" time="57.188" errors="0">
  <testcase name="loginpagetititletest" time="0.023" classname="com.myproject.qa.testcases.Loginpagetest"/>
  <testcase name="CGSLogoTest" time="1.254" classname="com.myproject.qa.testcases.Loginpagetest"/>
  <testcase name="LoginTest" time="8.178" classname="com.myproject.qa.testcases.Loginpagetest"/>
</testsuite> <!-- Default test -->
