<?xml version="1.0" encoding="UTF-8"?>
<!-- Generated by org.testng.reporters.JUnitXMLReporter -->
<testsuite hostname="LAPTOP-V8C83NA5" ignored="0" name="BCQAM TEST CASES" tests="9" failures="0" timestamp="25 Nov 2020 11:59:46 GMT" time="178.311" errors="0">
  <testcase name="verifynewinspectiontest" time="3.4" classname="com.myproject.qa.testcases.Newinspectionpagetest"/>
  <testcase name="verifyinspectpagetest" time="9.748" classname="com.myproject.qa.testcases.Inspecteddatapagetest"/>
  <testcase name="loginpagetititletest" time="0.006" classname="com.myproject.qa.testcases.Loginpagetest"/>
  <testcase name="verifyHomepagetitletest" time="0.013" classname="com.myproject.qa.testcases.Homepagetest"/>
  <testcase name="CGSLogoTest" time="1.093" classname="com.myproject.qa.testcases.Loginpagetest"/>
  <testcase name="verifyhomepagelabeltest" time="0.061" classname="com.myproject.qa.testcases.Homepagetest"/>
  <testcase name="LoginTest" time="7.726" classname="com.myproject.qa.testcases.Loginpagetest"/>
  <testcase name="verifyinspectionpagelink" time="4.131" classname="com.myproject.qa.testcases.Homepagetest"/>
  <testcase name="verifysummarypagelink" time="3.13" classname="com.myproject.qa.testcases.Homepagetest"/>
</testsuite> <!-- BCQAM TEST CASES -->
