<?xml version="1.0" encoding="UTF-8"?>
<!-- Generated by org.testng.reporters.JUnitXMLReporter -->
<testsuite hostname="LAPTOP-V8C83NA5" ignored="0" name="BCQAM TEST CASES" tests="9" failures="0" timestamp="07 Nov 2020 05:23:25 GMT" time="180.807" errors="0">
  <testcase name="verifynewinspectiontest" time="3.52" classname="com.myproject.qa.testcases.Newinspectionpagetest"/>
  <testcase name="verifyinspectpagetest" time="10.976" classname="com.myproject.qa.testcases.Inspecteddatapagetest"/>
  <testcase name="loginpagetititletest" time="0.008" classname="com.myproject.qa.testcases.Loginpagetest"/>
  <testcase name="verifyHomepagetitletest" time="0.016" classname="com.myproject.qa.testcases.Homepagetest"/>
  <testcase name="CGSLogoTest" time="1.391" classname="com.myproject.qa.testcases.Loginpagetest"/>
  <testcase name="verifyhomepagelabeltest" time="0.102" classname="com.myproject.qa.testcases.Homepagetest"/>
  <testcase name="LoginTest" time="7.835" classname="com.myproject.qa.testcases.Loginpagetest"/>
  <testcase name="verifyinspectionpagelink" time="4.128" classname="com.myproject.qa.testcases.Homepagetest"/>
  <testcase name="verifysummarypagelink" time="3.127" classname="com.myproject.qa.testcases.Homepagetest"/>
</testsuite> <!-- BCQAM TEST CASES -->
