<?xml version="1.0" encoding="UTF-8"?>
<testsuite xmlns:xsi="http://www.w3.org/2001/XMLSchema-instance" xsi:noNamespaceSchemaLocation="https://maven.apache.org/surefire/maven-surefire-plugin/xsd/surefire-test-report-3.0.xsd" version="3.0" name="TestSuite" time="180.447" tests="9" errors="0" skipped="0" failures="0">
  <properties>
[...]
</properties>
  <testcase name="verifynewinspectiontest" classname="com.myproject.qa.testcases.Newinspectionpagetest" time="3.402"/>
  <testcase name="verifyinspectpagetest" classname="com.myproject.qa.testcases.Inspecteddatapagetest" time="9.749"/>
  <testcase name="loginpagetititletest" classname="com.myproject.qa.testcases.Loginpagetest" time="0.007"/>
  <testcase name="verifyHomepagetitletest" classname="com.myproject.qa.testcases.Homepagetest" time="0.012"/>
  <testcase name="CGSLogoTest" classname="com.myproject.qa.testcases.Loginpagetest" time="1.094"/>
  <testcase name="verifyhomepagelabeltest" classname="com.myproject.qa.testcases.Homepagetest" time="0.059"/>
  <testcase name="LoginTest" classname="com.myproject.qa.testcases.Loginpagetest" time="7.726"/>
  <testcase name="verifyinspectionpagelink" classname="com.myproject.qa.testcases.Homepagetest" time="4.131"/>
  <testcase name="verifysummarypagelink" classname="com.myproject.qa.testcases.Homepagetest" time="3.13"/>
</testsuite>