<?xml version="1.0" encoding="UTF-8"?>
<testng-results skipped="0" failed="0" ignored="0" total="9" passed="9">
  <reporter-output>
  </reporter-output>
  <suite name="My Project BCQAM APPLICATION" duration-ms="178311" started-at="2020-11-25T11:56:48Z" finished-at="2020-11-25T11:59:46Z">
    <groups>
    </groups>
    <test name="BCQAM TEST CASES" duration-ms="178311" started-at="2020-11-25T11:56:48Z" finished-at="2020-11-25T11:59:46Z">
      <class name="com.myproject.qa.testcases.Newinspectionpagetest">
        <test-method status="PASS" signature="setup()[pri:0, instance:com.myproject.qa.testcases.Newinspectionpagetest@6107227e]" name="setup" is-config="true" duration-ms="26518" started-at="2020-11-25T17:26:48Z" finished-at="2020-11-25T17:27:14Z">
          <reporter-output>
          </reporter-output>
        </test-method> <!-- setup -->
        <test-method status="PASS" signature="verifynewinspectiontest()[pri:0, instance:com.myproject.qa.testcases.Newinspectionpagetest@6107227e]" name="verifynewinspectiontest" duration-ms="3400" started-at="2020-11-25T17:27:14Z" finished-at="2020-11-25T17:27:18Z">
          <reporter-output>
          </reporter-output>
        </test-method> <!-- verifynewinspectiontest -->
        <test-method status="PASS" signature="teardown()[pri:0, instance:com.myproject.qa.testcases.Newinspectionpagetest@6107227e]" name="teardown" is-config="true" duration-ms="852" started-at="2020-11-25T17:27:18Z" finished-at="2020-11-25T17:27:19Z">
          <reporter-output>
          </reporter-output>
        </test-method> <!-- teardown -->
      </class> <!-- com.myproject.qa.testcases.Newinspectionpagetest -->
      <class name="com.myproject.qa.testcases.Inspecteddatapagetest">
        <test-method status="PASS" signature="setup()[pri:0, instance:com.myproject.qa.testcases.Inspecteddatapagetest@7c417213]" name="setup" is-config="true" duration-ms="23657" started-at="2020-11-25T17:27:19Z" finished-at="2020-11-25T17:27:43Z">
          <reporter-output>
          </reporter-output>
        </test-method> <!-- setup -->
        <test-method status="PASS" signature="verifyinspectpagetest(java.lang.String, java.lang.String)[pri:0, instance:com.myproject.qa.testcases.Inspecteddatapagetest@7c417213]" name="verifyinspectpagetest" duration-ms="9748" started-at="2020-11-25T17:27:43Z" data-provider="getBCQAMTestData" finished-at="2020-11-25T17:27:52Z">
          <params>
            <param index="0">
              <value>
                <![CDATA[Test]]>
              </value>
            </param>
            <param index="1">
              <value>
                <![CDATA[Test123]]>
              </value>
            </param>
          </params>
          <reporter-output>
          </reporter-output>
        </test-method> <!-- verifyinspectpagetest -->
        <test-method status="PASS" signature="teardown()[pri:0, instance:com.myproject.qa.testcases.Inspecteddatapagetest@7c417213]" name="teardown" is-config="true" duration-ms="1" started-at="2020-11-25T17:27:52Z" finished-at="2020-11-25T17:27:52Z">
          <reporter-output>
          </reporter-output>
        </test-method> <!-- teardown -->
      </class> <!-- com.myproject.qa.testcases.Inspecteddatapagetest -->
      <class name="com.myproject.qa.testcases.Homepagetest">
        <test-method status="PASS" signature="setup()[pri:0, instance:com.myproject.qa.testcases.Homepagetest@5db45159]" name="setup" is-config="true" duration-ms="15891" started-at="2020-11-25T17:28:02Z" finished-at="2020-11-25T17:28:18Z">
          <reporter-output>
          </reporter-output>
        </test-method> <!-- setup -->
        <test-method status="PASS" signature="verifyHomepagetitletest()[pri:1, instance:com.myproject.qa.testcases.Homepagetest@5db45159]" name="verifyHomepagetitletest" duration-ms="13" started-at="2020-11-25T17:28:18Z" finished-at="2020-11-25T17:28:18Z">
          <reporter-output>
          </reporter-output>
        </test-method> <!-- verifyHomepagetitletest -->
        <test-method status="PASS" signature="teardown()[pri:0, instance:com.myproject.qa.testcases.Homepagetest@5db45159]" name="teardown" is-config="true" duration-ms="778" started-at="2020-11-25T17:28:18Z" finished-at="2020-11-25T17:28:19Z">
          <reporter-output>
          </reporter-output>
        </test-method> <!-- teardown -->
        <test-method status="PASS" signature="setup()[pri:0, instance:com.myproject.qa.testcases.Homepagetest@5db45159]" name="setup" is-config="true" duration-ms="15886" started-at="2020-11-25T17:28:29Z" finished-at="2020-11-25T17:28:45Z">
          <reporter-output>
          </reporter-output>
        </test-method> <!-- setup -->
        <test-method status="PASS" signature="verifyhomepagelabeltest()[pri:2, instance:com.myproject.qa.testcases.Homepagetest@5db45159]" name="verifyhomepagelabeltest" duration-ms="61" started-at="2020-11-25T17:28:45Z" finished-at="2020-11-25T17:28:45Z">
          <reporter-output>
          </reporter-output>
        </test-method> <!-- verifyhomepagelabeltest -->
        <test-method status="PASS" signature="teardown()[pri:0, instance:com.myproject.qa.testcases.Homepagetest@5db45159]" name="teardown" is-config="true" duration-ms="800" started-at="2020-11-25T17:28:45Z" finished-at="2020-11-25T17:28:46Z">
          <reporter-output>
          </reporter-output>
        </test-method> <!-- teardown -->
        <test-method status="PASS" signature="setup()[pri:0, instance:com.myproject.qa.testcases.Homepagetest@5db45159]" name="setup" is-config="true" duration-ms="16121" started-at="2020-11-25T17:29:05Z" finished-at="2020-11-25T17:29:21Z">
          <reporter-output>
          </reporter-output>
        </test-method> <!-- setup -->
        <test-method status="PASS" signature="verifyinspectionpagelink()[pri:3, instance:com.myproject.qa.testcases.Homepagetest@5db45159]" name="verifyinspectionpagelink" duration-ms="4131" started-at="2020-11-25T17:29:21Z" finished-at="2020-11-25T17:29:25Z">
          <reporter-output>
          </reporter-output>
        </test-method> <!-- verifyinspectionpagelink -->
        <test-method status="PASS" signature="teardown()[pri:0, instance:com.myproject.qa.testcases.Homepagetest@5db45159]" name="teardown" is-config="true" duration-ms="804" started-at="2020-11-25T17:29:25Z" finished-at="2020-11-25T17:29:26Z">
          <reporter-output>
          </reporter-output>
        </test-method> <!-- teardown -->
        <test-method status="PASS" signature="setup()[pri:0, instance:com.myproject.qa.testcases.Homepagetest@5db45159]" name="setup" is-config="true" duration-ms="16056" started-at="2020-11-25T17:29:26Z" finished-at="2020-11-25T17:29:42Z">
          <reporter-output>
          </reporter-output>
        </test-method> <!-- setup -->
        <test-method status="PASS" signature="verifysummarypagelink()[pri:4, instance:com.myproject.qa.testcases.Homepagetest@5db45159]" name="verifysummarypagelink" duration-ms="3130" started-at="2020-11-25T17:29:42Z" finished-at="2020-11-25T17:29:45Z">
          <reporter-output>
          </reporter-output>
        </test-method> <!-- verifysummarypagelink -->
        <test-method status="PASS" signature="teardown()[pri:0, instance:com.myproject.qa.testcases.Homepagetest@5db45159]" name="teardown" is-config="true" duration-ms="818" started-at="2020-11-25T17:29:45Z" finished-at="2020-11-25T17:29:46Z">
          <reporter-output>
          </reporter-output>
        </test-method> <!-- teardown -->
      </class> <!-- com.myproject.qa.testcases.Homepagetest -->
      <class name="com.myproject.qa.testcases.Loginpagetest">
        <test-method status="PASS" signature="setup()[pri:0, instance:com.myproject.qa.testcases.Loginpagetest@2b6856dd]" name="setup" is-config="true" duration-ms="8608" started-at="2020-11-25T17:27:52Z" finished-at="2020-11-25T17:28:01Z">
          <reporter-output>
          </reporter-output>
        </test-method> <!-- setup -->
        <test-method status="PASS" signature="loginpagetititletest()[pri:1, instance:com.myproject.qa.testcases.Loginpagetest@2b6856dd]" name="loginpagetititletest" duration-ms="6" started-at="2020-11-25T17:28:01Z" finished-at="2020-11-25T17:28:01Z">
          <reporter-output>
          </reporter-output>
        </test-method> <!-- loginpagetititletest -->
        <test-method status="PASS" signature="teardown()[pri:0, instance:com.myproject.qa.testcases.Loginpagetest@2b6856dd]" name="teardown" is-config="true" duration-ms="820" started-at="2020-11-25T17:28:01Z" finished-at="2020-11-25T17:28:02Z">
          <reporter-output>
          </reporter-output>
        </test-method> <!-- teardown -->
        <test-method status="PASS" signature="setup()[pri:0, instance:com.myproject.qa.testcases.Loginpagetest@2b6856dd]" name="setup" is-config="true" duration-ms="8304" started-at="2020-11-25T17:28:19Z" finished-at="2020-11-25T17:28:27Z">
          <reporter-output>
          </reporter-output>
        </test-method> <!-- setup -->
        <test-method status="PASS" signature="CGSLogoTest()[pri:2, instance:com.myproject.qa.testcases.Loginpagetest@2b6856dd]" name="CGSLogoTest" duration-ms="1093" started-at="2020-11-25T17:28:27Z" finished-at="2020-11-25T17:28:28Z">
          <reporter-output>
          </reporter-output>
        </test-method> <!-- CGSLogoTest -->
        <test-method status="PASS" signature="teardown()[pri:0, instance:com.myproject.qa.testcases.Loginpagetest@2b6856dd]" name="teardown" is-config="true" duration-ms="878" started-at="2020-11-25T17:28:28Z" finished-at="2020-11-25T17:28:29Z">
          <reporter-output>
          </reporter-output>
        </test-method> <!-- teardown -->
        <test-method status="PASS" signature="setup()[pri:0, instance:com.myproject.qa.testcases.Loginpagetest@2b6856dd]" name="setup" is-config="true" duration-ms="10845" started-at="2020-11-25T17:28:46Z" finished-at="2020-11-25T17:28:56Z">
          <reporter-output>
          </reporter-output>
        </test-method> <!-- setup -->
        <test-method status="PASS" signature="LoginTest()[pri:3, instance:com.myproject.qa.testcases.Loginpagetest@2b6856dd]" name="LoginTest" duration-ms="7726" started-at="2020-11-25T17:28:56Z" finished-at="2020-11-25T17:29:04Z">
          <reporter-output>
          </reporter-output>
        </test-method> <!-- LoginTest -->
        <test-method status="PASS" signature="teardown()[pri:0, instance:com.myproject.qa.testcases.Loginpagetest@2b6856dd]" name="teardown" is-config="true" duration-ms="880" started-at="2020-11-25T17:29:04Z" finished-at="2020-11-25T17:29:05Z">
          <reporter-output>
          </reporter-output>
        </test-method> <!-- teardown -->
      </class> <!-- com.myproject.qa.testcases.Loginpagetest -->
    </test> <!-- BCQAM TEST CASES -->
  </suite> <!-- My Project BCQAM APPLICATION -->
</testng-results>
