<?xml version="1.0" encoding="UTF-8"?>
<!-- Generated by org.testng.reporters.JUnitXMLReporter -->
<testsuite hostname="LAPTOP-V8C83NA5" ignored="0" name="BCQAM TEST CASES" tests="9" failures="1" timestamp="15 Dec 2020 16:05:22 GMT" time="235.494" errors="0">
  <testcase name="verifynewinspectiontest" time="4.559" classname="com.myproject.qa.testcases.Newinspectionpagetest"/>
  <testcase name="verifyinspectpagetest" time="1.496" classname="com.myproject.qa.testcases.Inspecteddatapagetest">
    <failure type="org.testng.internal.reflect.MethodMatcherException" message="
Data provider mismatch
Method: verifyinspectpagetest([Parameter{index=0, type=java.lang.String, declaredAnnotations=[]}, Parameter{index=1, type=java.lang.String, declaredAnnotations=[]}, Parameter{index=2, type=java.lang.String, declaredAnnotations=[]}])
Arguments: [(java.lang.String)Test,(java.lang.String)Test123]">
      <![CDATA[org.testng.internal.reflect.MethodMatcherException: 
Data provider mismatch
Method: verifyinspectpagetest([Parameter{index=0, type=java.lang.String, declaredAnnotations=[]}, Parameter{index=1, type=java.lang.String, declaredAnnotations=[]}, Parameter{index=2, type=java.lang.String, declaredAnnotations=[]}])
Arguments: [(java.lang.String)Test,(java.lang.String)Test123]
... Removed 20 stack frames]]>
    </failure>
  </testcase> <!-- verifyinspectpagetest -->
  <testcase name="loginpagetititletest" time="0.011" classname="com.myproject.qa.testcases.Loginpagetest"/>
  <testcase name="verifyHomepagetitletest" time="0.011" classname="com.myproject.qa.testcases.Homepagetest"/>
  <testcase name="CGSLogoTest" time="1.48" classname="com.myproject.qa.testcases.Loginpagetest"/>
  <testcase name="verifyhomepagelabeltest" time="0.075" classname="com.myproject.qa.testcases.Homepagetest"/>
  <testcase name="LoginTest" time="8.694" classname="com.myproject.qa.testcases.Loginpagetest"/>
  <testcase name="verifyinspectionpagelink" time="5.1" classname="com.myproject.qa.testcases.Homepagetest"/>
  <testcase name="verifysummarypagelink" time="3.099" classname="com.myproject.qa.testcases.Homepagetest"/>
</testsuite> <!-- BCQAM TEST CASES -->
