<?xml version="1.0" encoding="UTF-8"?>
<!-- Generated by org.testng.reporters.JUnitXMLReporter -->
<testsuite hostname="LAPTOP-V8C83NA5" ignored="0" name="BCQAM TEST CASES" tests="9" failures="0" timestamp="02 Nov 2020 04:10:58 GMT" time="201.452" errors="0">
  <testcase name="verifynewinspectiontest" time="3.502" classname="com.myproject.qa.testcases.Newinspectionpagetest"/>
  <testcase name="verifyinspectpagetest" time="10.242" classname="com.myproject.qa.testcases.Inspecteddatapagetest"/>
  <testcase name="loginpagetititletest" time="0.009" classname="com.myproject.qa.testcases.Loginpagetest"/>
  <testcase name="verifyHomepagetitletest" time="0.008" classname="com.myproject.qa.testcases.Homepagetest"/>
  <testcase name="CGSLogoTest" time="1.139" classname="com.myproject.qa.testcases.Loginpagetest"/>
  <testcase name="verifyhomepagelabeltest" time="0.049" classname="com.myproject.qa.testcases.Homepagetest"/>
  <testcase name="LoginTest" time="7.933" classname="com.myproject.qa.testcases.Loginpagetest"/>
  <testcase name="verifyinspectionpagelink" time="4.105" classname="com.myproject.qa.testcases.Homepagetest"/>
  <testcase name="verifysummarypagelink" time="3.142" classname="com.myproject.qa.testcases.Homepagetest"/>
</testsuite> <!-- BCQAM TEST CASES -->
